[INFO ] [2023-08-20 15:54:55] T:[] S:[] U:[] [background-preinit] ==> HV000001: Hibernate Validator 6.2.0.Final
[INFO ] [2023-08-20 15:54:55] T:[] S:[] U:[] [main] ==> Starting WebAdminApplication using Java 11.0.2 on DESKTOP-H3K4U9D with PID 5208 (D:\Project\approvalFlow\flow_bupt\admin-project\flow_bupt\application-webadmin\target\classes started by 17586 in D:\Project\approvalFlow\flow_bupt\admin-project\flow_bupt)
[INFO ] [2023-08-20 15:54:55] T:[] S:[] U:[] [main] ==> The following 1 profile is active: "dev"
[INFO ] [2023-08-20 15:54:58] T:[] S:[] U:[] [background-preinit] ==> HV000001: Hibernate Validator 6.2.0.Final
[INFO ] [2023-08-20 15:54:58] T:[] S:[] U:[] [main] ==> Starting WebAdminApplication using Java 11.0.2 on DESKTOP-H3K4U9D with PID 19192 (D:\Project\approvalFlow\flow_bupt\admin-project\flow_bupt\application-webadmin\target\classes started by 17586 in D:\Project\approvalFlow\flow_bupt\admin-project\flow_bupt)
[INFO ] [2023-08-20 15:54:58] T:[] S:[] U:[] [main] ==> The following 1 profile is active: "dev"
[INFO ] [2023-08-20 15:55:12] T:[] S:[] U:[] [main] ==> Bean 'commonWebMvcConfig' of type [com.bupt.common.core.config.CommonWebMvcConfig$$EnhancerBySpringCGLIB$$5e3b916a] is not eligible for getting processed by all BeanPostProcessors (for example: not eligible for auto-proxying)
[INFO ] [2023-08-20 15:55:12] T:[] S:[] U:[] [main] ==> Bean 'commonWebMvcConfig' of type [com.bupt.common.core.config.CommonWebMvcConfig$$EnhancerBySpringCGLIB$$cc3fe995] is not eligible for getting processed by all BeanPostProcessors (for example: not eligible for auto-proxying)
[INFO ] [2023-08-20 15:55:16] T:[] S:[] U:[] [main] ==> Tomcat initialized with port(s): 8082 (http)
[INFO ] [2023-08-20 15:55:16] T:[] S:[] U:[] [main] ==> Tomcat initialized with port(s): 8082 (http)
[INFO ] [2023-08-20 15:55:16] T:[] S:[] U:[] [main] ==> Initializing ProtocolHandler ["http-nio-8082"]
[INFO ] [2023-08-20 15:55:16] T:[] S:[] U:[] [main] ==> Initializing ProtocolHandler ["http-nio-8082"]
[INFO ] [2023-08-20 15:55:16] T:[] S:[] U:[] [main] ==> Starting service [Tomcat]
[INFO ] [2023-08-20 15:55:16] T:[] S:[] U:[] [main] ==> Starting service [Tomcat]
[INFO ] [2023-08-20 15:55:16] T:[] S:[] U:[] [main] ==> Starting Servlet engine: [Apache Tomcat/9.0.73]
[INFO ] [2023-08-20 15:55:16] T:[] S:[] U:[] [main] ==> Starting Servlet engine: [Apache Tomcat/9.0.73]
[INFO ] [2023-08-20 15:55:22] T:[] S:[] U:[] [main] ==> Initializing Spring embedded WebApplicationContext
[INFO ] [2023-08-20 15:55:22] T:[] S:[] U:[] [main] ==> Root WebApplicationContext: initialization completed in 27412 ms
[INFO ] [2023-08-20 15:55:22] T:[] S:[] U:[] [main] ==> Initializing Spring embedded WebApplicationContext
[INFO ] [2023-08-20 15:55:22] T:[] S:[] U:[] [main] ==> Root WebApplicationContext: initialization completed in 23979 ms
[INFO ] [2023-08-20 15:55:33] T:[] S:[] U:[] [main] ==> {dataSource-1,application-webadmin} inited
[INFO ] [2023-08-20 15:55:33] T:[] S:[] U:[] [main] ==> {dataSource-1,application-webadmin} inited
[INFO ] [2023-08-20 15:55:34] T:[] S:[] U:[] [main] ==> {dataSource-2,application-webadmin} inited
[INFO ] [2023-08-20 15:55:34] T:[] S:[] U:[] [main] ==> {dataSource-2,application-webadmin} inited
[INFO ] [2023-08-20 15:55:35] T:[] S:[] U:[] [main] ==> {dataSource-3,application-webadmin} inited
[INFO ] [2023-08-20 15:55:35] T:[] S:[] U:[] [main] ==> {dataSource-3,application-webadmin} inited
[INFO ] [2023-08-20 15:55:43] T:[] S:[] U:[] [main] ==> Filter characterEncodingFilter was not registered (possibly already registered?)
[INFO ] [2023-08-20 15:55:43] T:[] S:[] U:[] [main] ==> Filter characterEncodingFilter was not registered (possibly already registered?)
[ERROR] [2023-08-20 15:55:43] T:[] S:[] U:[] [main] ==> For security constraints with URL pattern [/*] only the HTTP methods [TRACE HEAD DELETE SEARCH PROPFIND COPY PUT PATCH] are covered. All other methods are uncovered.
[ERROR] [2023-08-20 15:55:43] T:[] S:[] U:[] [main] ==> For security constraints with URL pattern [/*] only the HTTP methods [TRACE HEAD DELETE SEARCH PROPFIND COPY PUT PATCH] are covered. All other methods are uncovered.
[INFO ] [2023-08-20 15:55:46] T:[] S:[] U:[] [main] ==> Redisson 3.15.4
[INFO ] [2023-08-20 15:55:46] T:[] S:[] U:[] [main] ==> Redisson 3.15.4
[INFO ] [2023-08-20 15:55:51] T:[] S:[] U:[] [redisson-netty-2-13] ==> 1 connections initialized for /10.109.252.70:6379
[INFO ] [2023-08-20 15:55:51] T:[] S:[] U:[] [redisson-netty-2-8] ==> 5 connections initialized for /10.109.252.70:6379
[INFO ] [2023-08-20 15:55:51] T:[] S:[] U:[] [redisson-netty-2-9] ==> 5 connections initialized for /10.109.252.70:6379
[INFO ] [2023-08-20 15:55:51] T:[] S:[] U:[] [redisson-netty-2-8] ==> 1 connections initialized for /10.109.252.70:6379
[WARN ] [2023-08-20 15:55:53] T:[] S:[] U:[] [main] ==> Can not find table primary key in Class: "com.bupt.webadmin.upms.model.SysMenuPermCode".
[WARN ] [2023-08-20 15:55:53] T:[] S:[] U:[] [main] ==> class com.bupt.webadmin.upms.model.SysMenuPermCode ,Not found @TableId annotation, Cannot use Mybatis-Plus 'xxById' Method.
[WARN ] [2023-08-20 15:55:53] T:[] S:[] U:[] [main] ==> Can not find table primary key in Class: "com.bupt.webadmin.upms.model.SysMenuPermCode".
[WARN ] [2023-08-20 15:55:53] T:[] S:[] U:[] [main] ==> class com.bupt.webadmin.upms.model.SysMenuPermCode ,Not found @TableId annotation, Cannot use Mybatis-Plus 'xxById' Method.
[WARN ] [2023-08-20 15:55:53] T:[] S:[] U:[] [main] ==> Can not find table primary key in Class: "com.bupt.webadmin.upms.model.SysPermCodePerm".
[WARN ] [2023-08-20 15:55:53] T:[] S:[] U:[] [main] ==> class com.bupt.webadmin.upms.model.SysPermCodePerm ,Not found @TableId annotation, Cannot use Mybatis-Plus 'xxById' Method.
[WARN ] [2023-08-20 15:55:53] T:[] S:[] U:[] [main] ==> Can not find table primary key in Class: "com.bupt.webadmin.upms.model.SysPermCodePerm".
[WARN ] [2023-08-20 15:55:53] T:[] S:[] U:[] [main] ==> class com.bupt.webadmin.upms.model.SysPermCodePerm ,Not found @TableId annotation, Cannot use Mybatis-Plus 'xxById' Method.
[WARN ] [2023-08-20 15:55:54] T:[] S:[] U:[] [main] ==> Can not find table primary key in Class: "com.bupt.webadmin.upms.model.SysRoleMenu".
[WARN ] [2023-08-20 15:55:54] T:[] S:[] U:[] [main] ==> class com.bupt.webadmin.upms.model.SysRoleMenu ,Not found @TableId annotation, Cannot use Mybatis-Plus 'xxById' Method.
[WARN ] [2023-08-20 15:55:54] T:[] S:[] U:[] [main] ==> Can not find table primary key in Class: "com.bupt.webadmin.upms.model.SysRoleMenu".
[WARN ] [2023-08-20 15:55:54] T:[] S:[] U:[] [main] ==> class com.bupt.webadmin.upms.model.SysRoleMenu ,Not found @TableId annotation, Cannot use Mybatis-Plus 'xxById' Method.
[WARN ] [2023-08-20 15:55:54] T:[] S:[] U:[] [main] ==> Can not find table primary key in Class: "com.bupt.webadmin.upms.model.SysUserRole".
[WARN ] [2023-08-20 15:55:54] T:[] S:[] U:[] [main] ==> class com.bupt.webadmin.upms.model.SysUserRole ,Not found @TableId annotation, Cannot use Mybatis-Plus 'xxById' Method.
[WARN ] [2023-08-20 15:55:54] T:[] S:[] U:[] [main] ==> Can not find table primary key in Class: "com.bupt.webadmin.upms.model.SysUserRole".
[WARN ] [2023-08-20 15:55:54] T:[] S:[] U:[] [main] ==> class com.bupt.webadmin.upms.model.SysUserRole ,Not found @TableId annotation, Cannot use Mybatis-Plus 'xxById' Method.
[WARN ] [2023-08-20 15:55:54] T:[] S:[] U:[] [main] ==> Can not find table primary key in Class: "com.bupt.common.online.model.OnlineColumnRule".
[WARN ] [2023-08-20 15:55:54] T:[] S:[] U:[] [main] ==> class com.bupt.common.online.model.OnlineColumnRule ,Not found @TableId annotation, Cannot use Mybatis-Plus 'xxById' Method.
[WARN ] [2023-08-20 15:55:54] T:[] S:[] U:[] [main] ==> Can not find table primary key in Class: "com.bupt.common.online.model.OnlineColumnRule".
[WARN ] [2023-08-20 15:55:54] T:[] S:[] U:[] [main] ==> class com.bupt.common.online.model.OnlineColumnRule ,Not found @TableId annotation, Cannot use Mybatis-Plus 'xxById' Method.
[WARN ] [2023-08-20 15:56:02] T:[] S:[] U:[] [main] ==> Can not find table primary key in Class: "com.bupt.common.flow.model.FlowTaskExt".
[WARN ] [2023-08-20 15:56:02] T:[] S:[] U:[] [main] ==> class com.bupt.common.flow.model.FlowTaskExt ,Not found @TableId annotation, Cannot use Mybatis-Plus 'xxById' Method.
[WARN ] [2023-08-20 15:56:02] T:[] S:[] U:[] [main] ==> Can not find table primary key in Class: "com.bupt.common.flow.model.FlowTaskExt".
[WARN ] [2023-08-20 15:56:02] T:[] S:[] U:[] [main] ==> class com.bupt.common.flow.model.FlowTaskExt ,Not found @TableId annotation, Cannot use Mybatis-Plus 'xxById' Method.
[INFO ] [2023-08-20 15:56:49] T:[] S:[] U:[] [main] ==> No deployment resources were found for autodeployment
[INFO ] [2023-08-20 15:56:49] T:[] S:[] U:[] [main] ==> No deployment resources were found for autodeployment
[INFO ] [2023-08-20 15:56:49] T:[] S:[] U:[] [main] ==> No deployment resources were found for autodeployment
[INFO ] [2023-08-20 15:56:49] T:[] S:[] U:[] [main] ==> No deployment resources were found for autodeployment
[INFO ] [2023-08-20 15:56:51] T:[] S:[] U:[] [main] ==> Found 2 Engine Configurators in total:
[INFO ] [2023-08-20 15:56:51] T:[] S:[] U:[] [main] ==> class org.flowable.eventregistry.spring.configurator.SpringEventRegistryConfigurator (priority:100000)
[INFO ] [2023-08-20 15:56:51] T:[] S:[] U:[] [main] ==> class org.flowable.idm.engine.configurator.IdmEngineConfigurator (priority:150000)
[INFO ] [2023-08-20 15:56:51] T:[] S:[] U:[] [main] ==> Executing beforeInit() of class org.flowable.eventregistry.spring.configurator.SpringEventRegistryConfigurator (priority:100000)
[INFO ] [2023-08-20 15:56:51] T:[] S:[] U:[] [main] ==> Found 2 Engine Configurators in total:
[INFO ] [2023-08-20 15:56:51] T:[] S:[] U:[] [main] ==> class org.flowable.eventregistry.spring.configurator.SpringEventRegistryConfigurator (priority:100000)
[INFO ] [2023-08-20 15:56:51] T:[] S:[] U:[] [main] ==> class org.flowable.idm.engine.configurator.IdmEngineConfigurator (priority:150000)
[INFO ] [2023-08-20 15:56:51] T:[] S:[] U:[] [main] ==> Executing beforeInit() of class org.flowable.eventregistry.spring.configurator.SpringEventRegistryConfigurator (priority:100000)
[INFO ] [2023-08-20 15:56:51] T:[] S:[] U:[] [main] ==> Executing beforeInit() of class org.flowable.idm.engine.configurator.IdmEngineConfigurator (priority:150000)
[INFO ] [2023-08-20 15:56:51] T:[] S:[] U:[] [main] ==> Executing beforeInit() of class org.flowable.idm.engine.configurator.IdmEngineConfigurator (priority:150000)
[INFO ] [2023-08-20 15:56:53] T:[] S:[] U:[] [main] ==> Executing configure() of class org.flowable.eventregistry.spring.configurator.SpringEventRegistryConfigurator (priority:100000)
[INFO ] [2023-08-20 15:56:53] T:[] S:[] U:[] [main] ==> Executing configure() of class org.flowable.eventregistry.spring.configurator.SpringEventRegistryConfigurator (priority:100000)
[INFO ] [2023-08-20 15:57:02] T:[] S:[] U:[] [main] ==> Reading from orange.FLW_EV_DATABASECHANGELOG
[INFO ] [2023-08-20 15:57:02] T:[] S:[] U:[] [main] ==> Reading from orange.FLW_EV_DATABASECHANGELOG
[INFO ] [2023-08-20 15:57:02] T:[] S:[] U:[] [main] ==> EventRegistryEngine default created
[INFO ] [2023-08-20 15:57:02] T:[] S:[] U:[] [main] ==> EventRegistryEngine default created
[INFO ] [2023-08-20 15:57:02] T:[] S:[] U:[] [main] ==> Executing configure() of class org.flowable.idm.engine.configurator.IdmEngineConfigurator (priority:150000)
[INFO ] [2023-08-20 15:57:02] T:[] S:[] U:[] [main] ==> Executing configure() of class org.flowable.idm.engine.configurator.IdmEngineConfigurator (priority:150000)
[INFO ] [2023-08-20 15:57:02] T:[] S:[] U:[] [main] ==> IdmEngine default created
[INFO ] [2023-08-20 15:57:02] T:[] S:[] U:[] [main] ==> IdmEngine default created
[INFO ] [2023-08-20 15:57:03] T:[] S:[] U:[] [main] ==> ProcessEngine default created
[INFO ] [2023-08-20 15:57:03] T:[] S:[] U:[] [main] ==> ProcessEngine default created
[INFO ] [2023-08-20 15:57:03] T:[] S:[] U:[] [main] ==> Total of v5 deployments found: 0
[INFO ] [2023-08-20 15:57:03] T:[] S:[] U:[] [main] ==> Total of v5 deployments found: 0
[INFO ] [2023-08-20 15:57:05] T:[] S:[] U:[] [main] ==> 自定义配置项：
AjCaptchaProperties{type=DEFAULT, jigsaw='classpath:images/jigsaw', picClick='classpath:images/pic-click', waterMark='我的水印', waterFont='WenQuanZhengHei.ttf', fontType='WenQuanZhengHei.ttf', slipOffset='5', aesStatus=true, interferenceOptions='2', cacheNumber='1000', timingClear='180', cacheType=redis, reqFrequencyLimitEnable=false, reqGetLockLimit=5, reqGetLockSeconds=360, reqGetMinuteLimit=30, reqCheckMinuteLimit=30, reqVerifyMinuteLimit=60}
[INFO ] [2023-08-20 15:57:06] T:[] S:[] U:[] [main] ==> 自定义配置项：
AjCaptchaProperties{type=DEFAULT, jigsaw='classpath:images/jigsaw', picClick='classpath:images/pic-click', waterMark='我的水印', waterFont='WenQuanZhengHei.ttf', fontType='WenQuanZhengHei.ttf', slipOffset='5', aesStatus=true, interferenceOptions='2', cacheNumber='1000', timingClear='180', cacheType=redis, reqFrequencyLimitEnable=false, reqGetLockLimit=5, reqGetLockSeconds=360, reqGetMinuteLimit=30, reqCheckMinuteLimit=30, reqVerifyMinuteLimit=60}
[INFO ] [2023-08-20 15:57:06] T:[] S:[] U:[] [main] ==> 自定义resource底图:[SLIDING_BLOCK=[Ljava.lang.String;@183d22c5, ORIGINAL=[Ljava.lang.String;@3316aded, PIC_CLICK=[Ljava.lang.String;@6f8aecd3]
[INFO ] [2023-08-20 15:57:06] T:[] S:[] U:[] [main] ==> 自定义resource底图:[SLIDING_BLOCK=[Ljava.lang.String;@2d16e71e, ORIGINAL=[Ljava.lang.String;@3a6e8bc0, PIC_CLICK=[Ljava.lang.String;@5aa943c5]
[INFO ] [2023-08-20 15:57:06] T:[] S:[] U:[] [main] ==> supported-captchaCache-service:[redis, local]
[INFO ] [2023-08-20 15:57:06] T:[] S:[] U:[] [main] ==> supported-captchaCache-service:[redis, local]
[INFO ] [2023-08-20 15:57:06] T:[] S:[] U:[] [main] ==> supported-captchaTypes-service:[clickWord, default, blockPuzzle]
[INFO ] [2023-08-20 15:57:06] T:[] S:[] U:[] [main] ==> supported-captchaTypes-service:[clickWord, default, blockPuzzle]
[INFO ] [2023-08-20 15:57:06] T:[] S:[] U:[] [main] ==> --->>>初始化验证码底图<<<---clickWord
[INFO ] [2023-08-20 15:57:06] T:[] S:[] U:[] [main] ==> --->>>初始化验证码底图<<<---clickWord
[INFO ] [2023-08-20 15:57:10] T:[] S:[] U:[] [main] ==> --->>>初始化验证码底图<<<---blockPuzzle
[INFO ] [2023-08-20 15:57:10] T:[] S:[] U:[] [main] ==> --->>>初始化验证码底图<<<---blockPuzzle
[WARN ] [2023-08-20 15:57:15] T:[] S:[] U:[] [main] ==> Exception encountered during context initialization - cancelling refresh attempt: org.springframework.beans.factory.UnsatisfiedDependencyException: Error creating bean with name 'minioUpDownloader': Unsatisfied dependency expressed through field 'minioTemplate'; nested exception is org.springframework.beans.factory.UnsatisfiedDependencyException: Error creating bean with name 'minioTemplate' defined in class path resource [com/bupt/common/minio/config/MinioAutoConfiguration.class]: Unsatisfied dependency expressed through method 'minioTemplate' parameter 1; nested exception is org.springframework.beans.factory.BeanCreationException: Error creating bean with name 'minioClient' defined in class path resource [com/bupt/common/minio/config/MinioAutoConfiguration.class]: Bean instantiation via factory method failed; nested exception is org.springframework.beans.BeanInstantiationException: Failed to instantiate [io.minio.MinioClient]: Factory method 'minioClient' threw exception; nested exception is com.bupt.common.core.exception.MyRuntimeException: java.net.ConnectException: Failed to connect to /10.109.252.70:9000
[WARN ] [2023-08-20 15:57:15] T:[] S:[] U:[] [main] ==> Exception encountered during context initialization - cancelling refresh attempt: org.springframework.beans.factory.UnsatisfiedDependencyException: Error creating bean with name 'minioUpDownloader': Unsatisfied dependency expressed through field 'minioTemplate'; nested exception is org.springframework.beans.factory.UnsatisfiedDependencyException: Error creating bean with name 'minioTemplate' defined in class path resource [com/bupt/common/minio/config/MinioAutoConfiguration.class]: Unsatisfied dependency expressed through method 'minioTemplate' parameter 1; nested exception is org.springframework.beans.factory.BeanCreationException: Error creating bean with name 'minioClient' defined in class path resource [com/bupt/common/minio/config/MinioAutoConfiguration.class]: Bean instantiation via factory method failed; nested exception is org.springframework.beans.BeanInstantiationException: Failed to instantiate [io.minio.MinioClient]: Factory method 'minioClient' threw exception; nested exception is com.bupt.common.core.exception.MyRuntimeException: java.net.ConnectException: Failed to connect to /10.109.252.70:9000
[INFO ] [2023-08-20 15:57:15] T:[] S:[] U:[] [main] ==> {dataSource-3} closing ...
[INFO ] [2023-08-20 15:57:15] T:[] S:[] U:[] [main] ==> {dataSource-3} closing ...
[INFO ] [2023-08-20 15:57:15] T:[] S:[] U:[] [main] ==> {dataSource-3} closed
[INFO ] [2023-08-20 15:57:15] T:[] S:[] U:[] [main] ==> {dataSource-3} closed
[INFO ] [2023-08-20 15:57:15] T:[] S:[] U:[] [main] ==> {dataSource-2} closing ...
[INFO ] [2023-08-20 15:57:15] T:[] S:[] U:[] [main] ==> {dataSource-2} closing ...
[ERROR] [2023-08-20 15:57:15] T:[] S:[] U:[] [main] ==> unregister mbean error
javax.management.InstanceNotFoundException: com.alibaba.druid:type=DruidDataSource,id=application-webadmin
	at java.management/com.sun.jmx.interceptor.DefaultMBeanServerInterceptor.getMBean(DefaultMBeanServerInterceptor.java:1083)
	at java.management/com.sun.jmx.interceptor.DefaultMBeanServerInterceptor.exclusiveUnregisterMBean(DefaultMBeanServerInterceptor.java:423)
	at java.management/com.sun.jmx.interceptor.DefaultMBeanServerInterceptor.unregisterMBean(DefaultMBeanServerInterceptor.java:411)
	at java.management/com.sun.jmx.mbeanserver.JmxMBeanServer.unregisterMBean(JmxMBeanServer.java:546)
	at com.alibaba.druid.stat.DruidDataSourceStatManager.removeDataSource(DruidDataSourceStatManager.java:191)
	at com.alibaba.druid.pool.DruidDataSource$2.run(DruidDataSource.java:2237)
	at java.base/java.security.AccessController.doPrivileged(Native Method)
	at com.alibaba.druid.pool.DruidDataSource.unregisterMbean(DruidDataSource.java:2234)
	at com.alibaba.druid.pool.DruidDataSource.close(DruidDataSource.java:2191)
	at org.springframework.beans.factory.support.DisposableBeanAdapter.destroy(DisposableBeanAdapter.java:242)
	at org.springframework.beans.factory.support.DefaultSingletonBeanRegistry.destroyBean(DefaultSingletonBeanRegistry.java:587)
	at org.springframework.beans.factory.support.DefaultSingletonBeanRegistry.destroySingleton(DefaultSingletonBeanRegistry.java:559)
	at org.springframework.beans.factory.support.DefaultListableBeanFactory.destroySingleton(DefaultListableBeanFactory.java:1163)
	at org.springframework.beans.factory.support.DefaultSingletonBeanRegistry.destroySingletons(DefaultSingletonBeanRegistry.java:520)
	at org.springframework.beans.factory.support.DefaultListableBeanFactory.destroySingletons(DefaultListableBeanFactory.java:1156)
	at org.springframework.context.support.AbstractApplicationContext.destroyBeans(AbstractApplicationContext.java:1108)
	at org.springframework.context.support.AbstractApplicationContext.refresh(AbstractApplicationContext.java:596)
	at org.springframework.boot.web.servlet.context.ServletWebServerApplicationContext.refresh(ServletWebServerApplicationContext.java:147)
	at org.springframework.boot.SpringApplication.refresh(SpringApplication.java:731)
	at org.springframework.boot.SpringApplication.refreshContext(SpringApplication.java:408)
	at org.springframework.boot.SpringApplication.run(SpringApplication.java:307)
	at org.springframework.boot.SpringApplication.run(SpringApplication.java:1303)
	at org.springframework.boot.SpringApplication.run(SpringApplication.java:1292)
	at com.bupt.webadmin.WebAdminApplication.main(WebAdminApplication.java:21)
[INFO ] [2023-08-20 15:57:15] T:[] S:[] U:[] [main] ==> {dataSource-2} closed
[INFO ] [2023-08-20 15:57:15] T:[] S:[] U:[] [main] ==> {dataSource-1} closing ...
[ERROR] [2023-08-20 15:57:15] T:[] S:[] U:[] [main] ==> unregister mbean error
javax.management.InstanceNotFoundException: com.alibaba.druid:type=DruidDataSource,id=application-webadmin
	at java.management/com.sun.jmx.interceptor.DefaultMBeanServerInterceptor.getMBean(DefaultMBeanServerInterceptor.java:1083)
	at java.management/com.sun.jmx.interceptor.DefaultMBeanServerInterceptor.exclusiveUnregisterMBean(DefaultMBeanServerInterceptor.java:423)
	at java.management/com.sun.jmx.interceptor.DefaultMBeanServerInterceptor.unregisterMBean(DefaultMBeanServerInterceptor.java:411)
	at java.management/com.sun.jmx.mbeanserver.JmxMBeanServer.unregisterMBean(JmxMBeanServer.java:546)
	at com.alibaba.druid.stat.DruidDataSourceStatManager.removeDataSource(DruidDataSourceStatManager.java:191)
	at com.alibaba.druid.pool.DruidDataSource$2.run(DruidDataSource.java:2237)
	at java.base/java.security.AccessController.doPrivileged(Native Method)
	at com.alibaba.druid.pool.DruidDataSource.unregisterMbean(DruidDataSource.java:2234)
	at com.alibaba.druid.pool.DruidDataSource.close(DruidDataSource.java:2191)
	at org.springframework.beans.factory.support.DisposableBeanAdapter.destroy(DisposableBeanAdapter.java:242)
	at org.springframework.beans.factory.support.DefaultSingletonBeanRegistry.destroyBean(DefaultSingletonBeanRegistry.java:587)
	at org.springframework.beans.factory.support.DefaultSingletonBeanRegistry.destroySingleton(DefaultSingletonBeanRegistry.java:559)
	at org.springframework.beans.factory.support.DefaultListableBeanFactory.destroySingleton(DefaultListableBeanFactory.java:1163)
	at org.springframework.beans.factory.support.DefaultSingletonBeanRegistry.destroySingletons(DefaultSingletonBeanRegistry.java:520)
	at org.springframework.beans.factory.support.DefaultListableBeanFactory.destroySingletons(DefaultListableBeanFactory.java:1156)
	at org.springframework.context.support.AbstractApplicationContext.destroyBeans(AbstractApplicationContext.java:1108)
	at org.springframework.context.support.AbstractApplicationContext.refresh(AbstractApplicationContext.java:596)
	at org.springframework.boot.web.servlet.context.ServletWebServerApplicationContext.refresh(ServletWebServerApplicationContext.java:147)
	at org.springframework.boot.SpringApplication.refresh(SpringApplication.java:731)
	at org.springframework.boot.SpringApplication.refreshContext(SpringApplication.java:408)
	at org.springframework.boot.SpringApplication.run(SpringApplication.java:307)
	at org.springframework.boot.SpringApplication.run(SpringApplication.java:1303)
	at org.springframework.boot.SpringApplication.run(SpringApplication.java:1292)
	at com.bupt.webadmin.WebAdminApplication.main(WebAdminApplication.java:21)
[INFO ] [2023-08-20 15:57:15] T:[] S:[] U:[] [main] ==> {dataSource-2} closed
[INFO ] [2023-08-20 15:57:15] T:[] S:[] U:[] [main] ==> {dataSource-1} closing ...
[ERROR] [2023-08-20 15:57:15] T:[] S:[] U:[] [main] ==> unregister mbean error
javax.management.InstanceNotFoundException: com.alibaba.druid:type=DruidDataSource,id=application-webadmin
	at java.management/com.sun.jmx.interceptor.DefaultMBeanServerInterceptor.getMBean(DefaultMBeanServerInterceptor.java:1083)
	at java.management/com.sun.jmx.interceptor.DefaultMBeanServerInterceptor.exclusiveUnregisterMBean(DefaultMBeanServerInterceptor.java:423)
	at java.management/com.sun.jmx.interceptor.DefaultMBeanServerInterceptor.unregisterMBean(DefaultMBeanServerInterceptor.java:411)
	at java.management/com.sun.jmx.mbeanserver.JmxMBeanServer.unregisterMBean(JmxMBeanServer.java:546)
	at com.alibaba.druid.stat.DruidDataSourceStatManager.removeDataSource(DruidDataSourceStatManager.java:191)
	at com.alibaba.druid.pool.DruidDataSource$2.run(DruidDataSource.java:2237)
	at java.base/java.security.AccessController.doPrivileged(Native Method)
	at com.alibaba.druid.pool.DruidDataSource.unregisterMbean(DruidDataSource.java:2234)
	at com.alibaba.druid.pool.DruidDataSource.close(DruidDataSource.java:2191)
	at org.springframework.beans.factory.support.DisposableBeanAdapter.destroy(DisposableBeanAdapter.java:242)
	at org.springframework.beans.factory.support.DefaultSingletonBeanRegistry.destroyBean(DefaultSingletonBeanRegistry.java:587)
	at org.springframework.beans.factory.support.DefaultSingletonBeanRegistry.destroySingleton(DefaultSingletonBeanRegistry.java:559)
	at org.springframework.beans.factory.support.DefaultListableBeanFactory.destroySingleton(DefaultListableBeanFactory.java:1163)
	at org.springframework.beans.factory.support.DefaultSingletonBeanRegistry.destroySingletons(DefaultSingletonBeanRegistry.java:520)
	at org.springframework.beans.factory.support.DefaultListableBeanFactory.destroySingletons(DefaultListableBeanFactory.java:1156)
	at org.springframework.context.support.AbstractApplicationContext.destroyBeans(AbstractApplicationContext.java:1108)
	at org.springframework.context.support.AbstractApplicationContext.refresh(AbstractApplicationContext.java:596)
	at org.springframework.boot.web.servlet.context.ServletWebServerApplicationContext.refresh(ServletWebServerApplicationContext.java:147)
	at org.springframework.boot.SpringApplication.refresh(SpringApplication.java:731)
	at org.springframework.boot.SpringApplication.refreshContext(SpringApplication.java:408)
	at org.springframework.boot.SpringApplication.run(SpringApplication.java:307)
	at org.springframework.boot.SpringApplication.run(SpringApplication.java:1303)
	at org.springframework.boot.SpringApplication.run(SpringApplication.java:1292)
	at com.bupt.webadmin.WebAdminApplication.main(WebAdminApplication.java:21)
[INFO ] [2023-08-20 15:57:15] T:[] S:[] U:[] [main] ==> {dataSource-1} closed
[ERROR] [2023-08-20 15:57:15] T:[] S:[] U:[] [main] ==> unregister mbean error
javax.management.InstanceNotFoundException: com.alibaba.druid:type=DruidDataSource,id=application-webadmin
	at java.management/com.sun.jmx.interceptor.DefaultMBeanServerInterceptor.getMBean(DefaultMBeanServerInterceptor.java:1083)
	at java.management/com.sun.jmx.interceptor.DefaultMBeanServerInterceptor.exclusiveUnregisterMBean(DefaultMBeanServerInterceptor.java:423)
	at java.management/com.sun.jmx.interceptor.DefaultMBeanServerInterceptor.unregisterMBean(DefaultMBeanServerInterceptor.java:411)
	at java.management/com.sun.jmx.mbeanserver.JmxMBeanServer.unregisterMBean(JmxMBeanServer.java:546)
	at com.alibaba.druid.stat.DruidDataSourceStatManager.removeDataSource(DruidDataSourceStatManager.java:191)
	at com.alibaba.druid.pool.DruidDataSource$2.run(DruidDataSource.java:2237)
	at java.base/java.security.AccessController.doPrivileged(Native Method)
	at com.alibaba.druid.pool.DruidDataSource.unregisterMbean(DruidDataSource.java:2234)
	at com.alibaba.druid.pool.DruidDataSource.close(DruidDataSource.java:2191)
	at org.springframework.beans.factory.support.DisposableBeanAdapter.destroy(DisposableBeanAdapter.java:242)
	at org.springframework.beans.factory.support.DefaultSingletonBeanRegistry.destroyBean(DefaultSingletonBeanRegistry.java:587)
	at org.springframework.beans.factory.support.DefaultSingletonBeanRegistry.destroySingleton(DefaultSingletonBeanRegistry.java:559)
	at org.springframework.beans.factory.support.DefaultListableBeanFactory.destroySingleton(DefaultListableBeanFactory.java:1163)
	at org.springframework.beans.factory.support.DefaultSingletonBeanRegistry.destroySingletons(DefaultSingletonBeanRegistry.java:520)
	at org.springframework.beans.factory.support.DefaultListableBeanFactory.destroySingletons(DefaultListableBeanFactory.java:1156)
	at org.springframework.context.support.AbstractApplicationContext.destroyBeans(AbstractApplicationContext.java:1108)
	at org.springframework.context.support.AbstractApplicationContext.refresh(AbstractApplicationContext.java:596)
	at org.springframework.boot.web.servlet.context.ServletWebServerApplicationContext.refresh(ServletWebServerApplicationContext.java:147)
	at org.springframework.boot.SpringApplication.refresh(SpringApplication.java:731)
	at org.springframework.boot.SpringApplication.refreshContext(SpringApplication.java:408)
	at org.springframework.boot.SpringApplication.run(SpringApplication.java:307)
	at org.springframework.boot.SpringApplication.run(SpringApplication.java:1303)
	at org.springframework.boot.SpringApplication.run(SpringApplication.java:1292)
	at com.bupt.webadmin.WebAdminApplication.main(WebAdminApplication.java:21)
[INFO ] [2023-08-20 15:57:15] T:[] S:[] U:[] [main] ==> {dataSource-1} closed
[INFO ] [2023-08-20 15:57:15] T:[] S:[] U:[] [main] ==> Stopping service [Tomcat]
[INFO ] [2023-08-20 15:57:15] T:[] S:[] U:[] [main] ==> Stopping service [Tomcat]
[INFO ] [2023-08-20 15:57:15] T:[] S:[] U:[] [main] ==> 

Error starting ApplicationContext. To display the conditions report re-run your application with 'debug' enabled.
[INFO ] [2023-08-20 15:57:15] T:[] S:[] U:[] [main] ==> 

Error starting ApplicationContext. To display the conditions report re-run your application with 'debug' enabled.
[ERROR] [2023-08-20 15:57:15] T:[] S:[] U:[] [main] ==> Application run failed
org.springframework.beans.factory.UnsatisfiedDependencyException: Error creating bean with name 'minioUpDownloader': Unsatisfied dependency expressed through field 'minioTemplate'; nested exception is org.springframework.beans.factory.UnsatisfiedDependencyException: Error creating bean with name 'minioTemplate' defined in class path resource [com/bupt/common/minio/config/MinioAutoConfiguration.class]: Unsatisfied dependency expressed through method 'minioTemplate' parameter 1; nested exception is org.springframework.beans.factory.BeanCreationException: Error creating bean with name 'minioClient' defined in class path resource [com/bupt/common/minio/config/MinioAutoConfiguration.class]: Bean instantiation via factory method failed; nested exception is org.springframework.beans.BeanInstantiationException: Failed to instantiate [io.minio.MinioClient]: Factory method 'minioClient' threw exception; nested exception is com.bupt.common.core.exception.MyRuntimeException: java.net.ConnectException: Failed to connect to /10.109.252.70:9000
	at org.springframework.beans.factory.annotation.AutowiredAnnotationBeanPostProcessor$AutowiredFieldElement.resolveFieldValue(AutowiredAnnotationBeanPostProcessor.java:660)
	at org.springframework.beans.factory.annotation.AutowiredAnnotationBeanPostProcessor$AutowiredFieldElement.inject(AutowiredAnnotationBeanPostProcessor.java:640)
	at org.springframework.beans.factory.annotation.InjectionMetadata.inject(InjectionMetadata.java:119)
	at org.springframework.beans.factory.annotation.AutowiredAnnotationBeanPostProcessor.postProcessProperties(AutowiredAnnotationBeanPostProcessor.java:399)
	at org.springframework.beans.factory.support.AbstractAutowireCapableBeanFactory.populateBean(AbstractAutowireCapableBeanFactory.java:1431)
	at org.springframework.beans.factory.support.AbstractAutowireCapableBeanFactory.doCreateBean(AbstractAutowireCapableBeanFactory.java:619)
	at org.springframework.beans.factory.support.AbstractAutowireCapableBeanFactory.createBean(AbstractAutowireCapableBeanFactory.java:542)
	at org.springframework.beans.factory.support.AbstractBeanFactory.lambda$doGetBean$0(AbstractBeanFactory.java:335)
	at org.springframework.beans.factory.support.DefaultSingletonBeanRegistry.getSingleton(DefaultSingletonBeanRegistry.java:234)
	at org.springframework.beans.factory.support.AbstractBeanFactory.doGetBean(AbstractBeanFactory.java:333)
	at org.springframework.beans.factory.support.AbstractBeanFactory.getBean(AbstractBeanFactory.java:208)
	at org.springframework.beans.factory.support.DefaultListableBeanFactory.preInstantiateSingletons(DefaultListableBeanFactory.java:955)
	at org.springframework.context.support.AbstractApplicationContext.finishBeanFactoryInitialization(AbstractApplicationContext.java:920)
	at org.springframework.context.support.AbstractApplicationContext.refresh(AbstractApplicationContext.java:583)
	at org.springframework.boot.web.servlet.context.ServletWebServerApplicationContext.refresh(ServletWebServerApplicationContext.java:147)
	at org.springframework.boot.SpringApplication.refresh(SpringApplication.java:731)
	at org.springframework.boot.SpringApplication.refreshContext(SpringApplication.java:408)
	at org.springframework.boot.SpringApplication.run(SpringApplication.java:307)
	at org.springframework.boot.SpringApplication.run(SpringApplication.java:1303)
	at org.springframework.boot.SpringApplication.run(SpringApplication.java:1292)
	at com.bupt.webadmin.WebAdminApplication.main(WebAdminApplication.java:21)
Caused by: org.springframework.beans.factory.UnsatisfiedDependencyException: Error creating bean with name 'minioTemplate' defined in class path resource [com/bupt/common/minio/config/MinioAutoConfiguration.class]: Unsatisfied dependency expressed through method 'minioTemplate' parameter 1; nested exception is org.springframework.beans.factory.BeanCreationException: Error creating bean with name 'minioClient' defined in class path resource [com/bupt/common/minio/config/MinioAutoConfiguration.class]: Bean instantiation via factory method failed; nested exception is org.springframework.beans.BeanInstantiationException: Failed to instantiate [io.minio.MinioClient]: Factory method 'minioClient' threw exception; nested exception is com.bupt.common.core.exception.MyRuntimeException: java.net.ConnectException: Failed to connect to /10.109.252.70:9000
	at org.springframework.beans.factory.support.ConstructorResolver.createArgumentArray(ConstructorResolver.java:800)
	at org.springframework.beans.factory.support.ConstructorResolver.instantiateUsingFactoryMethod(ConstructorResolver.java:541)
	at org.springframework.beans.factory.support.AbstractAutowireCapableBeanFactory.instantiateUsingFactoryMethod(AbstractAutowireCapableBeanFactory.java:1352)
	at org.springframework.beans.factory.support.AbstractAutowireCapableBeanFactory.createBeanInstance(AbstractAutowireCapableBeanFactory.java:1195)
	at org.springframework.beans.factory.support.AbstractAutowireCapableBeanFactory.doCreateBean(AbstractAutowireCapableBeanFactory.java:582)
	at org.springframework.beans.factory.support.AbstractAutowireCapableBeanFactory.createBean(AbstractAutowireCapableBeanFactory.java:542)
	at org.springframework.beans.factory.support.AbstractBeanFactory.lambda$doGetBean$0(AbstractBeanFactory.java:335)
	at org.springframework.beans.factory.support.DefaultSingletonBeanRegistry.getSingleton(DefaultSingletonBeanRegistry.java:234)
	at org.springframework.beans.factory.support.AbstractBeanFactory.doGetBean(AbstractBeanFactory.java:333)
	at org.springframework.beans.factory.support.AbstractBeanFactory.getBean(AbstractBeanFactory.java:208)
	at org.springframework.beans.factory.config.DependencyDescriptor.resolveCandidate(DependencyDescriptor.java:276)
	at org.springframework.beans.factory.support.DefaultListableBeanFactory.doResolveDependency(DefaultListableBeanFactory.java:1391)
	at org.springframework.beans.factory.support.DefaultListableBeanFactory.resolveDependency(DefaultListableBeanFactory.java:1311)
	at org.springframework.beans.factory.annotation.AutowiredAnnotationBeanPostProcessor$AutowiredFieldElement.resolveFieldValue(AutowiredAnnotationBeanPostProcessor.java:657)
	... 20 common frames omitted
Caused by: org.springframework.beans.factory.BeanCreationException: Error creating bean with name 'minioClient' defined in class path resource [com/bupt/common/minio/config/MinioAutoConfiguration.class]: Bean instantiation via factory method failed; nested exception is org.springframework.beans.BeanInstantiationException: Failed to instantiate [io.minio.MinioClient]: Factory method 'minioClient' threw exception; nested exception is com.bupt.common.core.exception.MyRuntimeException: java.net.ConnectException: Failed to connect to /10.109.252.70:9000
	at org.springframework.beans.factory.support.ConstructorResolver.instantiate(ConstructorResolver.java:658)
	at org.springframework.beans.factory.support.ConstructorResolver.instantiateUsingFactoryMethod(ConstructorResolver.java:638)
	at org.springframework.beans.factory.support.AbstractAutowireCapableBeanFactory.instantiateUsingFactoryMethod(AbstractAutowireCapableBeanFactory.java:1352)
	at org.springframework.beans.factory.support.AbstractAutowireCapableBeanFactory.createBeanInstance(AbstractAutowireCapableBeanFactory.java:1195)
	at org.springframework.beans.factory.support.AbstractAutowireCapableBeanFactory.doCreateBean(AbstractAutowireCapableBeanFactory.java:582)
	at org.springframework.beans.factory.support.AbstractAutowireCapableBeanFactory.createBean(AbstractAutowireCapableBeanFactory.java:542)
	at org.springframework.beans.factory.support.AbstractBeanFactory.lambda$doGetBean$0(AbstractBeanFactory.java:335)
	at org.springframework.beans.factory.support.DefaultSingletonBeanRegistry.getSingleton(DefaultSingletonBeanRegistry.java:234)
	at org.springframework.beans.factory.support.AbstractBeanFactory.doGetBean(AbstractBeanFactory.java:333)
	at org.springframework.beans.factory.support.AbstractBeanFactory.getBean(AbstractBeanFactory.java:208)
	at org.springframework.beans.factory.config.DependencyDescriptor.resolveCandidate(DependencyDescriptor.java:276)
	at org.springframework.beans.factory.support.DefaultListableBeanFactory.doResolveDependency(DefaultListableBeanFactory.java:1391)
	at org.springframework.beans.factory.support.DefaultListableBeanFactory.resolveDependency(DefaultListableBeanFactory.java:1311)
	at org.springframework.beans.factory.support.ConstructorResolver.resolveAutowiredArgument(ConstructorResolver.java:887)
	at org.springframework.beans.factory.support.ConstructorResolver.createArgumentArray(ConstructorResolver.java:791)
	... 33 common frames omitted
Caused by: org.springframework.beans.BeanInstantiationException: Failed to instantiate [io.minio.MinioClient]: Factory method 'minioClient' threw exception; nested exception is com.bupt.common.core.exception.MyRuntimeException: java.net.ConnectException: Failed to connect to /10.109.252.70:9000
	at org.springframework.beans.factory.support.SimpleInstantiationStrategy.instantiate(SimpleInstantiationStrategy.java:185)
	at org.springframework.beans.factory.support.ConstructorResolver.instantiate(ConstructorResolver.java:653)
	... 47 common frames omitted
Caused by: com.bupt.common.core.exception.MyRuntimeException: java.net.ConnectException: Failed to connect to /10.109.252.70:9000
	at com.bupt.common.minio.config.MinioAutoConfiguration.minioClient(MinioAutoConfiguration.java:40)
	at java.base/jdk.internal.reflect.NativeMethodAccessorImpl.invoke0(Native Method)
	at java.base/jdk.internal.reflect.NativeMethodAccessorImpl.invoke(NativeMethodAccessorImpl.java:62)
	at java.base/jdk.internal.reflect.DelegatingMethodAccessorImpl.invoke(DelegatingMethodAccessorImpl.java:43)
	at java.base/java.lang.reflect.Method.invoke(Method.java:566)
	at org.springframework.beans.factory.support.SimpleInstantiationStrategy.instantiate(SimpleInstantiationStrategy.java:154)
	... 48 common frames omitted
Caused by: java.net.ConnectException: Failed to connect to /10.109.252.70:9000
	at okhttp3.internal.connection.RealConnection.connectSocket(RealConnection.kt:297)
	at okhttp3.internal.connection.RealConnection.connect(RealConnection.kt:207)
	at okhttp3.internal.connection.ExchangeFinder.findConnection(ExchangeFinder.kt:226)
	at okhttp3.internal.connection.ExchangeFinder.findHealthyConnection(ExchangeFinder.kt:106)
	at okhttp3.internal.connection.ExchangeFinder.find(ExchangeFinder.kt:74)
	at okhttp3.internal.connection.RealCall.initExchange$okhttp(RealCall.kt:255)
	at okhttp3.internal.connection.ConnectInterceptor.intercept(ConnectInterceptor.kt:32)
	at okhttp3.internal.http.RealInterceptorChain.proceed(RealInterceptorChain.kt:109)
	at okhttp3.internal.cache.CacheInterceptor.intercept(CacheInterceptor.kt:95)
	at okhttp3.internal.http.RealInterceptorChain.proceed(RealInterceptorChain.kt:109)
	at okhttp3.internal.http.BridgeInterceptor.intercept(BridgeInterceptor.kt:83)
	at okhttp3.internal.http.RealInterceptorChain.proceed(RealInterceptorChain.kt:109)
	at okhttp3.internal.http.RetryAndFollowUpInterceptor.intercept(RetryAndFollowUpInterceptor.kt:76)
	at okhttp3.internal.http.RealInterceptorChain.proceed(RealInterceptorChain.kt:109)
	at okhttp3.internal.connection.RealCall.getResponseWithInterceptorChain$okhttp(RealCall.kt:201)
	at okhttp3.internal.connection.RealCall$AsyncCall.run(RealCall.kt:517)
	at java.base/java.util.concurrent.ThreadPoolExecutor.runWorker(ThreadPoolExecutor.java:1128)
	at java.base/java.util.concurrent.ThreadPoolExecutor$Worker.run(ThreadPoolExecutor.java:628)
	at java.base/java.lang.Thread.run(Thread.java:834)
Caused by: java.net.ConnectException: Connection refused: connect
	at java.base/java.net.PlainSocketImpl.waitForConnect(Native Method)
	at java.base/java.net.PlainSocketImpl.socketConnect(PlainSocketImpl.java:107)
	at java.base/java.net.AbstractPlainSocketImpl.doConnect(AbstractPlainSocketImpl.java:399)
	at java.base/java.net.AbstractPlainSocketImpl.connectToAddress(AbstractPlainSocketImpl.java:242)
	at java.base/java.net.AbstractPlainSocketImpl.connect(AbstractPlainSocketImpl.java:224)
	at java.base/java.net.SocksSocketImpl.connect(SocksSocketImpl.java:403)
	at java.base/java.net.Socket.connect(Socket.java:591)
	at okhttp3.internal.platform.Platform.connectSocket(Platform.kt:128)
	at okhttp3.internal.connection.RealConnection.connectSocket(RealConnection.kt:295)
	... 18 common frames omitted
[ERROR] [2023-08-20 15:57:15] T:[] S:[] U:[] [main] ==> Application run failed
org.springframework.beans.factory.UnsatisfiedDependencyException: Error creating bean with name 'minioUpDownloader': Unsatisfied dependency expressed through field 'minioTemplate'; nested exception is org.springframework.beans.factory.UnsatisfiedDependencyException: Error creating bean with name 'minioTemplate' defined in class path resource [com/bupt/common/minio/config/MinioAutoConfiguration.class]: Unsatisfied dependency expressed through method 'minioTemplate' parameter 1; nested exception is org.springframework.beans.factory.BeanCreationException: Error creating bean with name 'minioClient' defined in class path resource [com/bupt/common/minio/config/MinioAutoConfiguration.class]: Bean instantiation via factory method failed; nested exception is org.springframework.beans.BeanInstantiationException: Failed to instantiate [io.minio.MinioClient]: Factory method 'minioClient' threw exception; nested exception is com.bupt.common.core.exception.MyRuntimeException: java.net.ConnectException: Failed to connect to /10.109.252.70:9000
	at org.springframework.beans.factory.annotation.AutowiredAnnotationBeanPostProcessor$AutowiredFieldElement.resolveFieldValue(AutowiredAnnotationBeanPostProcessor.java:660)
	at org.springframework.beans.factory.annotation.AutowiredAnnotationBeanPostProcessor$AutowiredFieldElement.inject(AutowiredAnnotationBeanPostProcessor.java:640)
	at org.springframework.beans.factory.annotation.InjectionMetadata.inject(InjectionMetadata.java:119)
	at org.springframework.beans.factory.annotation.AutowiredAnnotationBeanPostProcessor.postProcessProperties(AutowiredAnnotationBeanPostProcessor.java:399)
	at org.springframework.beans.factory.support.AbstractAutowireCapableBeanFactory.populateBean(AbstractAutowireCapableBeanFactory.java:1431)
	at org.springframework.beans.factory.support.AbstractAutowireCapableBeanFactory.doCreateBean(AbstractAutowireCapableBeanFactory.java:619)
	at org.springframework.beans.factory.support.AbstractAutowireCapableBeanFactory.createBean(AbstractAutowireCapableBeanFactory.java:542)
	at org.springframework.beans.factory.support.AbstractBeanFactory.lambda$doGetBean$0(AbstractBeanFactory.java:335)
	at org.springframework.beans.factory.support.DefaultSingletonBeanRegistry.getSingleton(DefaultSingletonBeanRegistry.java:234)
	at org.springframework.beans.factory.support.AbstractBeanFactory.doGetBean(AbstractBeanFactory.java:333)
	at org.springframework.beans.factory.support.AbstractBeanFactory.getBean(AbstractBeanFactory.java:208)
	at org.springframework.beans.factory.support.DefaultListableBeanFactory.preInstantiateSingletons(DefaultListableBeanFactory.java:955)
	at org.springframework.context.support.AbstractApplicationContext.finishBeanFactoryInitialization(AbstractApplicationContext.java:920)
	at org.springframework.context.support.AbstractApplicationContext.refresh(AbstractApplicationContext.java:583)
	at org.springframework.boot.web.servlet.context.ServletWebServerApplicationContext.refresh(ServletWebServerApplicationContext.java:147)
	at org.springframework.boot.SpringApplication.refresh(SpringApplication.java:731)
	at org.springframework.boot.SpringApplication.refreshContext(SpringApplication.java:408)
	at org.springframework.boot.SpringApplication.run(SpringApplication.java:307)
	at org.springframework.boot.SpringApplication.run(SpringApplication.java:1303)
	at org.springframework.boot.SpringApplication.run(SpringApplication.java:1292)
	at com.bupt.webadmin.WebAdminApplication.main(WebAdminApplication.java:21)
Caused by: org.springframework.beans.factory.UnsatisfiedDependencyException: Error creating bean with name 'minioTemplate' defined in class path resource [com/bupt/common/minio/config/MinioAutoConfiguration.class]: Unsatisfied dependency expressed through method 'minioTemplate' parameter 1; nested exception is org.springframework.beans.factory.BeanCreationException: Error creating bean with name 'minioClient' defined in class path resource [com/bupt/common/minio/config/MinioAutoConfiguration.class]: Bean instantiation via factory method failed; nested exception is org.springframework.beans.BeanInstantiationException: Failed to instantiate [io.minio.MinioClient]: Factory method 'minioClient' threw exception; nested exception is com.bupt.common.core.exception.MyRuntimeException: java.net.ConnectException: Failed to connect to /10.109.252.70:9000
	at org.springframework.beans.factory.support.ConstructorResolver.createArgumentArray(ConstructorResolver.java:800)
	at org.springframework.beans.factory.support.ConstructorResolver.instantiateUsingFactoryMethod(ConstructorResolver.java:541)
	at org.springframework.beans.factory.support.AbstractAutowireCapableBeanFactory.instantiateUsingFactoryMethod(AbstractAutowireCapableBeanFactory.java:1352)
	at org.springframework.beans.factory.support.AbstractAutowireCapableBeanFactory.createBeanInstance(AbstractAutowireCapableBeanFactory.java:1195)
	at org.springframework.beans.factory.support.AbstractAutowireCapableBeanFactory.doCreateBean(AbstractAutowireCapableBeanFactory.java:582)
	at org.springframework.beans.factory.support.AbstractAutowireCapableBeanFactory.createBean(AbstractAutowireCapableBeanFactory.java:542)
	at org.springframework.beans.factory.support.AbstractBeanFactory.lambda$doGetBean$0(AbstractBeanFactory.java:335)
	at org.springframework.beans.factory.support.DefaultSingletonBeanRegistry.getSingleton(DefaultSingletonBeanRegistry.java:234)
	at org.springframework.beans.factory.support.AbstractBeanFactory.doGetBean(AbstractBeanFactory.java:333)
	at org.springframework.beans.factory.support.AbstractBeanFactory.getBean(AbstractBeanFactory.java:208)
	at org.springframework.beans.factory.config.DependencyDescriptor.resolveCandidate(DependencyDescriptor.java:276)
	at org.springframework.beans.factory.support.DefaultListableBeanFactory.doResolveDependency(DefaultListableBeanFactory.java:1391)
	at org.springframework.beans.factory.support.DefaultListableBeanFactory.resolveDependency(DefaultListableBeanFactory.java:1311)
	at org.springframework.beans.factory.annotation.AutowiredAnnotationBeanPostProcessor$AutowiredFieldElement.resolveFieldValue(AutowiredAnnotationBeanPostProcessor.java:657)
	... 20 common frames omitted
Caused by: org.springframework.beans.factory.BeanCreationException: Error creating bean with name 'minioClient' defined in class path resource [com/bupt/common/minio/config/MinioAutoConfiguration.class]: Bean instantiation via factory method failed; nested exception is org.springframework.beans.BeanInstantiationException: Failed to instantiate [io.minio.MinioClient]: Factory method 'minioClient' threw exception; nested exception is com.bupt.common.core.exception.MyRuntimeException: java.net.ConnectException: Failed to connect to /10.109.252.70:9000
	at org.springframework.beans.factory.support.ConstructorResolver.instantiate(ConstructorResolver.java:658)
	at org.springframework.beans.factory.support.ConstructorResolver.instantiateUsingFactoryMethod(ConstructorResolver.java:638)
	at org.springframework.beans.factory.support.AbstractAutowireCapableBeanFactory.instantiateUsingFactoryMethod(AbstractAutowireCapableBeanFactory.java:1352)
	at org.springframework.beans.factory.support.AbstractAutowireCapableBeanFactory.createBeanInstance(AbstractAutowireCapableBeanFactory.java:1195)
	at org.springframework.beans.factory.support.AbstractAutowireCapableBeanFactory.doCreateBean(AbstractAutowireCapableBeanFactory.java:582)
	at org.springframework.beans.factory.support.AbstractAutowireCapableBeanFactory.createBean(AbstractAutowireCapableBeanFactory.java:542)
	at org.springframework.beans.factory.support.AbstractBeanFactory.lambda$doGetBean$0(AbstractBeanFactory.java:335)
	at org.springframework.beans.factory.support.DefaultSingletonBeanRegistry.getSingleton(DefaultSingletonBeanRegistry.java:234)
	at org.springframework.beans.factory.support.AbstractBeanFactory.doGetBean(AbstractBeanFactory.java:333)
	at org.springframework.beans.factory.support.AbstractBeanFactory.getBean(AbstractBeanFactory.java:208)
	at org.springframework.beans.factory.config.DependencyDescriptor.resolveCandidate(DependencyDescriptor.java:276)
	at org.springframework.beans.factory.support.DefaultListableBeanFactory.doResolveDependency(DefaultListableBeanFactory.java:1391)
	at org.springframework.beans.factory.support.DefaultListableBeanFactory.resolveDependency(DefaultListableBeanFactory.java:1311)
	at org.springframework.beans.factory.support.ConstructorResolver.resolveAutowiredArgument(ConstructorResolver.java:887)
	at org.springframework.beans.factory.support.ConstructorResolver.createArgumentArray(ConstructorResolver.java:791)
	... 33 common frames omitted
Caused by: org.springframework.beans.BeanInstantiationException: Failed to instantiate [io.minio.MinioClient]: Factory method 'minioClient' threw exception; nested exception is com.bupt.common.core.exception.MyRuntimeException: java.net.ConnectException: Failed to connect to /10.109.252.70:9000
	at org.springframework.beans.factory.support.SimpleInstantiationStrategy.instantiate(SimpleInstantiationStrategy.java:185)
	at org.springframework.beans.factory.support.ConstructorResolver.instantiate(ConstructorResolver.java:653)
	... 47 common frames omitted
Caused by: com.bupt.common.core.exception.MyRuntimeException: java.net.ConnectException: Failed to connect to /10.109.252.70:9000
	at com.bupt.common.minio.config.MinioAutoConfiguration.minioClient(MinioAutoConfiguration.java:40)
	at java.base/jdk.internal.reflect.NativeMethodAccessorImpl.invoke0(Native Method)
	at java.base/jdk.internal.reflect.NativeMethodAccessorImpl.invoke(NativeMethodAccessorImpl.java:62)
	at java.base/jdk.internal.reflect.DelegatingMethodAccessorImpl.invoke(DelegatingMethodAccessorImpl.java:43)
	at java.base/java.lang.reflect.Method.invoke(Method.java:566)
	at org.springframework.beans.factory.support.SimpleInstantiationStrategy.instantiate(SimpleInstantiationStrategy.java:154)
	... 48 common frames omitted
Caused by: java.net.ConnectException: Failed to connect to /10.109.252.70:9000
	at okhttp3.internal.connection.RealConnection.connectSocket(RealConnection.kt:297)
	at okhttp3.internal.connection.RealConnection.connect(RealConnection.kt:207)
	at okhttp3.internal.connection.ExchangeFinder.findConnection(ExchangeFinder.kt:226)
	at okhttp3.internal.connection.ExchangeFinder.findHealthyConnection(ExchangeFinder.kt:106)
	at okhttp3.internal.connection.ExchangeFinder.find(ExchangeFinder.kt:74)
	at okhttp3.internal.connection.RealCall.initExchange$okhttp(RealCall.kt:255)
	at okhttp3.internal.connection.ConnectInterceptor.intercept(ConnectInterceptor.kt:32)
	at okhttp3.internal.http.RealInterceptorChain.proceed(RealInterceptorChain.kt:109)
	at okhttp3.internal.cache.CacheInterceptor.intercept(CacheInterceptor.kt:95)
	at okhttp3.internal.http.RealInterceptorChain.proceed(RealInterceptorChain.kt:109)
	at okhttp3.internal.http.BridgeInterceptor.intercept(BridgeInterceptor.kt:83)
	at okhttp3.internal.http.RealInterceptorChain.proceed(RealInterceptorChain.kt:109)
	at okhttp3.internal.http.RetryAndFollowUpInterceptor.intercept(RetryAndFollowUpInterceptor.kt:76)
	at okhttp3.internal.http.RealInterceptorChain.proceed(RealInterceptorChain.kt:109)
	at okhttp3.internal.connection.RealCall.getResponseWithInterceptorChain$okhttp(RealCall.kt:201)
	at okhttp3.internal.connection.RealCall$AsyncCall.run(RealCall.kt:517)
	at java.base/java.util.concurrent.ThreadPoolExecutor.runWorker(ThreadPoolExecutor.java:1128)
	at java.base/java.util.concurrent.ThreadPoolExecutor$Worker.run(ThreadPoolExecutor.java:628)
	at java.base/java.lang.Thread.run(Thread.java:834)
Caused by: java.net.ConnectException: Connection refused: connect
	at java.base/java.net.PlainSocketImpl.waitForConnect(Native Method)
	at java.base/java.net.PlainSocketImpl.socketConnect(PlainSocketImpl.java:107)
	at java.base/java.net.AbstractPlainSocketImpl.doConnect(AbstractPlainSocketImpl.java:399)
	at java.base/java.net.AbstractPlainSocketImpl.connectToAddress(AbstractPlainSocketImpl.java:242)
	at java.base/java.net.AbstractPlainSocketImpl.connect(AbstractPlainSocketImpl.java:224)
	at java.base/java.net.SocksSocketImpl.connect(SocksSocketImpl.java:403)
	at java.base/java.net.Socket.connect(Socket.java:591)
	at okhttp3.internal.platform.Platform.connectSocket(Platform.kt:128)
	at okhttp3.internal.connection.RealConnection.connectSocket(RealConnection.kt:295)
	... 18 common frames omitted
[INFO ] [2023-08-20 16:49:23] T:[] S:[] U:[] [background-preinit] ==> HV000001: Hibernate Validator 6.2.0.Final
[INFO ] [2023-08-20 16:49:23] T:[] S:[] U:[] [main] ==> Starting WebAdminApplication using Java 11.0.2 on DESKTOP-H3K4U9D with PID 8564 (D:\Project\approvalFlow\flow_bupt\admin-project\flow_bupt\application-webadmin\target\classes started by 17586 in D:\Project\approvalFlow\flow_bupt\admin-project\flow_bupt)
[INFO ] [2023-08-20 16:49:23] T:[] S:[] U:[] [main] ==> The following 1 profile is active: "dev"
[INFO ] [2023-08-20 16:49:28] T:[] S:[] U:[] [main] ==> Bean 'commonWebMvcConfig' of type [com.bupt.common.core.config.CommonWebMvcConfig$$EnhancerBySpringCGLIB$$d9d6b4ea] is not eligible for getting processed by all BeanPostProcessors (for example: not eligible for auto-proxying)
[INFO ] [2023-08-20 16:49:30] T:[] S:[] U:[] [main] ==> Tomcat initialized with port(s): 8082 (http)
[INFO ] [2023-08-20 16:49:30] T:[] S:[] U:[] [main] ==> Initializing ProtocolHandler ["http-nio-8082"]
[INFO ] [2023-08-20 16:49:30] T:[] S:[] U:[] [main] ==> Starting service [Tomcat]
[INFO ] [2023-08-20 16:49:30] T:[] S:[] U:[] [main] ==> Starting Servlet engine: [Apache Tomcat/9.0.73]
[INFO ] [2023-08-20 16:49:31] T:[] S:[] U:[] [main] ==> Initializing Spring embedded WebApplicationContext
[INFO ] [2023-08-20 16:49:31] T:[] S:[] U:[] [main] ==> Root WebApplicationContext: initialization completed in 7204 ms
[INFO ] [2023-08-20 16:49:32] T:[] S:[] U:[] [main] ==> {dataSource-1,application-webadmin} inited
[INFO ] [2023-08-20 16:49:33] T:[] S:[] U:[] [main] ==> {dataSource-2,application-webadmin} inited
[INFO ] [2023-08-20 16:49:33] T:[] S:[] U:[] [main] ==> {dataSource-3,application-webadmin} inited
[INFO ] [2023-08-20 16:49:34] T:[] S:[] U:[] [main] ==> Filter characterEncodingFilter was not registered (possibly already registered?)
[ERROR] [2023-08-20 16:49:34] T:[] S:[] U:[] [main] ==> For security constraints with URL pattern [/*] only the HTTP methods [TRACE HEAD DELETE SEARCH PROPFIND COPY PUT PATCH] are covered. All other methods are uncovered.
[INFO ] [2023-08-20 16:49:34] T:[] S:[] U:[] [main] ==> Redisson 3.15.4
[INFO ] [2023-08-20 16:49:35] T:[] S:[] U:[] [redisson-netty-2-8] ==> 5 connections initialized for /10.109.252.70:6379
[INFO ] [2023-08-20 16:49:35] T:[] S:[] U:[] [redisson-netty-2-12] ==> 1 connections initialized for /10.109.252.70:6379
[WARN ] [2023-08-20 16:49:36] T:[] S:[] U:[] [main] ==> Can not find table primary key in Class: "com.bupt.webadmin.upms.model.SysMenuPermCode".
[WARN ] [2023-08-20 16:49:36] T:[] S:[] U:[] [main] ==> class com.bupt.webadmin.upms.model.SysMenuPermCode ,Not found @TableId annotation, Cannot use Mybatis-Plus 'xxById' Method.
[WARN ] [2023-08-20 16:49:36] T:[] S:[] U:[] [main] ==> Can not find table primary key in Class: "com.bupt.webadmin.upms.model.SysPermCodePerm".
[WARN ] [2023-08-20 16:49:36] T:[] S:[] U:[] [main] ==> class com.bupt.webadmin.upms.model.SysPermCodePerm ,Not found @TableId annotation, Cannot use Mybatis-Plus 'xxById' Method.
[WARN ] [2023-08-20 16:49:36] T:[] S:[] U:[] [main] ==> Can not find table primary key in Class: "com.bupt.webadmin.upms.model.SysRoleMenu".
[WARN ] [2023-08-20 16:49:36] T:[] S:[] U:[] [main] ==> class com.bupt.webadmin.upms.model.SysRoleMenu ,Not found @TableId annotation, Cannot use Mybatis-Plus 'xxById' Method.
[WARN ] [2023-08-20 16:49:37] T:[] S:[] U:[] [main] ==> Can not find table primary key in Class: "com.bupt.webadmin.upms.model.SysUserRole".
[WARN ] [2023-08-20 16:49:37] T:[] S:[] U:[] [main] ==> class com.bupt.webadmin.upms.model.SysUserRole ,Not found @TableId annotation, Cannot use Mybatis-Plus 'xxById' Method.
[WARN ] [2023-08-20 16:49:37] T:[] S:[] U:[] [main] ==> Can not find table primary key in Class: "com.bupt.common.online.model.OnlineColumnRule".
[WARN ] [2023-08-20 16:49:37] T:[] S:[] U:[] [main] ==> class com.bupt.common.online.model.OnlineColumnRule ,Not found @TableId annotation, Cannot use Mybatis-Plus 'xxById' Method.
[WARN ] [2023-08-20 16:49:38] T:[] S:[] U:[] [main] ==> Can not find table primary key in Class: "com.bupt.common.flow.model.FlowTaskExt".
[WARN ] [2023-08-20 16:49:38] T:[] S:[] U:[] [main] ==> class com.bupt.common.flow.model.FlowTaskExt ,Not found @TableId annotation, Cannot use Mybatis-Plus 'xxById' Method.
[INFO ] [2023-08-20 16:49:42] T:[] S:[] U:[] [main] ==> No deployment resources were found for autodeployment
[INFO ] [2023-08-20 16:49:42] T:[] S:[] U:[] [main] ==> No deployment resources were found for autodeployment
[INFO ] [2023-08-20 16:49:44] T:[] S:[] U:[] [main] ==> Found 2 Engine Configurators in total:
[INFO ] [2023-08-20 16:49:44] T:[] S:[] U:[] [main] ==> class org.flowable.eventregistry.spring.configurator.SpringEventRegistryConfigurator (priority:100000)
[INFO ] [2023-08-20 16:49:44] T:[] S:[] U:[] [main] ==> class org.flowable.idm.engine.configurator.IdmEngineConfigurator (priority:150000)
[INFO ] [2023-08-20 16:49:44] T:[] S:[] U:[] [main] ==> Executing beforeInit() of class org.flowable.eventregistry.spring.configurator.SpringEventRegistryConfigurator (priority:100000)
[INFO ] [2023-08-20 16:49:44] T:[] S:[] U:[] [main] ==> Executing beforeInit() of class org.flowable.idm.engine.configurator.IdmEngineConfigurator (priority:150000)
[INFO ] [2023-08-20 16:49:45] T:[] S:[] U:[] [main] ==> Executing configure() of class org.flowable.eventregistry.spring.configurator.SpringEventRegistryConfigurator (priority:100000)
[INFO ] [2023-08-20 16:49:46] T:[] S:[] U:[] [main] ==> Reading from orange.FLW_EV_DATABASECHANGELOG
[INFO ] [2023-08-20 16:49:46] T:[] S:[] U:[] [main] ==> EventRegistryEngine default created
[INFO ] [2023-08-20 16:49:46] T:[] S:[] U:[] [main] ==> Executing configure() of class org.flowable.idm.engine.configurator.IdmEngineConfigurator (priority:150000)
[INFO ] [2023-08-20 16:49:46] T:[] S:[] U:[] [main] ==> IdmEngine default created
[INFO ] [2023-08-20 16:49:46] T:[] S:[] U:[] [main] ==> ProcessEngine default created
[INFO ] [2023-08-20 16:49:46] T:[] S:[] U:[] [main] ==> Total of v5 deployments found: 0
[INFO ] [2023-08-20 16:49:47] T:[] S:[] U:[] [main] ==> 自定义配置项：
AjCaptchaProperties{type=DEFAULT, jigsaw='classpath:images/jigsaw', picClick='classpath:images/pic-click', waterMark='我的水印', waterFont='WenQuanZhengHei.ttf', fontType='WenQuanZhengHei.ttf', slipOffset='5', aesStatus=true, interferenceOptions='2', cacheNumber='1000', timingClear='180', cacheType=redis, reqFrequencyLimitEnable=false, reqGetLockLimit=5, reqGetLockSeconds=360, reqGetMinuteLimit=30, reqCheckMinuteLimit=30, reqVerifyMinuteLimit=60}
[INFO ] [2023-08-20 16:49:47] T:[] S:[] U:[] [main] ==> 自定义resource底图:[SLIDING_BLOCK=[Ljava.lang.String;@34341b2a, ORIGINAL=[Ljava.lang.String;@4e826e33, PIC_CLICK=[Ljava.lang.String;@7d66a634]
[INFO ] [2023-08-20 16:49:47] T:[] S:[] U:[] [main] ==> supported-captchaCache-service:[redis, local]
[INFO ] [2023-08-20 16:49:47] T:[] S:[] U:[] [main] ==> supported-captchaTypes-service:[clickWord, default, blockPuzzle]
[INFO ] [2023-08-20 16:49:47] T:[] S:[] U:[] [main] ==> --->>>初始化验证码底图<<<---clickWord
[INFO ] [2023-08-20 16:49:48] T:[] S:[] U:[] [main] ==> --->>>初始化验证码底图<<<---blockPuzzle
[WARN ] [2023-08-20 16:49:49] T:[] S:[] U:[] [main] ==> Exception encountered during context initialization - cancelling refresh attempt: org.springframework.beans.factory.UnsatisfiedDependencyException: Error creating bean with name 'minioUpDownloader': Unsatisfied dependency expressed through field 'minioTemplate'; nested exception is org.springframework.beans.factory.UnsatisfiedDependencyException: Error creating bean with name 'minioTemplate' defined in class path resource [com/bupt/common/minio/config/MinioAutoConfiguration.class]: Unsatisfied dependency expressed through method 'minioTemplate' parameter 1; nested exception is org.springframework.beans.factory.BeanCreationException: Error creating bean with name 'minioClient' defined in class path resource [com/bupt/common/minio/config/MinioAutoConfiguration.class]: Bean instantiation via factory method failed; nested exception is org.springframework.beans.BeanInstantiationException: Failed to instantiate [io.minio.MinioClient]: Factory method 'minioClient' threw exception; nested exception is com.bupt.common.core.exception.MyRuntimeException: error occurred
ErrorResponse(code = RequestTimeTooSkewed, message = The difference between the request time and the server's time is too large., bucketName = null, objectName = null, resource = /application, requestId = 177D0910FA7705A5, hostId = dd9025bab4ad464b049177c95eb6ebf374d3b3fd1af9251148b658df7ac2e3e8)
request={method=GET, url=http://10.109.252.70:9000/application?location=, headers=Host: 10.109.252.70:9000
Accept-Encoding: identity
User-Agent: MinIO (Windows 10; amd64) minio-java/8.4.5
Content-MD5: 1B2M2Y8AsgTpgAmY7PhCfg==
x-amz-content-sha256: e3b0c44298fc1c149afbf4c8996fb92427ae41e4649b934ca495991b7852b855
x-amz-date: 20230820T084949Z
Authorization: ██
}
response={code=403, headers=Accept-Ranges: bytes
Content-Length: 338
Content-Type: application/xml
Server: MinIO
Strict-Transport-Security: max-age=31536000; includeSubDomains
Vary: Origin
X-Amz-Id-2: dd9025bab4ad464b049177c95eb6ebf374d3b3fd1af9251148b658df7ac2e3e8
X-Amz-Request-Id: 177D0910FA7705A5
X-Content-Type-Options: nosniff
X-Xss-Protection: 1; mode=block
Date: Sun, 20 Aug 2023 08:10:03 GMT
}

[INFO ] [2023-08-20 16:49:49] T:[] S:[] U:[] [main] ==> {dataSource-3} closing ...
[INFO ] [2023-08-20 16:49:49] T:[] S:[] U:[] [main] ==> {dataSource-3} closed
[INFO ] [2023-08-20 16:49:49] T:[] S:[] U:[] [main] ==> {dataSource-2} closing ...
[ERROR] [2023-08-20 16:49:49] T:[] S:[] U:[] [main] ==> unregister mbean error
javax.management.InstanceNotFoundException: com.alibaba.druid:type=DruidDataSource,id=application-webadmin
	at java.management/com.sun.jmx.interceptor.DefaultMBeanServerInterceptor.getMBean(DefaultMBeanServerInterceptor.java:1083)
	at java.management/com.sun.jmx.interceptor.DefaultMBeanServerInterceptor.exclusiveUnregisterMBean(DefaultMBeanServerInterceptor.java:423)
	at java.management/com.sun.jmx.interceptor.DefaultMBeanServerInterceptor.unregisterMBean(DefaultMBeanServerInterceptor.java:411)
	at java.management/com.sun.jmx.mbeanserver.JmxMBeanServer.unregisterMBean(JmxMBeanServer.java:546)
	at com.alibaba.druid.stat.DruidDataSourceStatManager.removeDataSource(DruidDataSourceStatManager.java:191)
	at com.alibaba.druid.pool.DruidDataSource$2.run(DruidDataSource.java:2237)
	at java.base/java.security.AccessController.doPrivileged(Native Method)
	at com.alibaba.druid.pool.DruidDataSource.unregisterMbean(DruidDataSource.java:2234)
	at com.alibaba.druid.pool.DruidDataSource.close(DruidDataSource.java:2191)
	at org.springframework.beans.factory.support.DisposableBeanAdapter.destroy(DisposableBeanAdapter.java:242)
	at org.springframework.beans.factory.support.DefaultSingletonBeanRegistry.destroyBean(DefaultSingletonBeanRegistry.java:587)
	at org.springframework.beans.factory.support.DefaultSingletonBeanRegistry.destroySingleton(DefaultSingletonBeanRegistry.java:559)
	at org.springframework.beans.factory.support.DefaultListableBeanFactory.destroySingleton(DefaultListableBeanFactory.java:1163)
	at org.springframework.beans.factory.support.DefaultSingletonBeanRegistry.destroySingletons(DefaultSingletonBeanRegistry.java:520)
	at org.springframework.beans.factory.support.DefaultListableBeanFactory.destroySingletons(DefaultListableBeanFactory.java:1156)
	at org.springframework.context.support.AbstractApplicationContext.destroyBeans(AbstractApplicationContext.java:1108)
	at org.springframework.context.support.AbstractApplicationContext.refresh(AbstractApplicationContext.java:596)
	at org.springframework.boot.web.servlet.context.ServletWebServerApplicationContext.refresh(ServletWebServerApplicationContext.java:147)
	at org.springframework.boot.SpringApplication.refresh(SpringApplication.java:731)
	at org.springframework.boot.SpringApplication.refreshContext(SpringApplication.java:408)
	at org.springframework.boot.SpringApplication.run(SpringApplication.java:307)
	at org.springframework.boot.SpringApplication.run(SpringApplication.java:1303)
	at org.springframework.boot.SpringApplication.run(SpringApplication.java:1292)
	at com.bupt.webadmin.WebAdminApplication.main(WebAdminApplication.java:21)
[INFO ] [2023-08-20 16:49:49] T:[] S:[] U:[] [main] ==> {dataSource-2} closed
[INFO ] [2023-08-20 16:49:49] T:[] S:[] U:[] [main] ==> {dataSource-1} closing ...
[ERROR] [2023-08-20 16:49:49] T:[] S:[] U:[] [main] ==> unregister mbean error
javax.management.InstanceNotFoundException: com.alibaba.druid:type=DruidDataSource,id=application-webadmin
	at java.management/com.sun.jmx.interceptor.DefaultMBeanServerInterceptor.getMBean(DefaultMBeanServerInterceptor.java:1083)
	at java.management/com.sun.jmx.interceptor.DefaultMBeanServerInterceptor.exclusiveUnregisterMBean(DefaultMBeanServerInterceptor.java:423)
	at java.management/com.sun.jmx.interceptor.DefaultMBeanServerInterceptor.unregisterMBean(DefaultMBeanServerInterceptor.java:411)
	at java.management/com.sun.jmx.mbeanserver.JmxMBeanServer.unregisterMBean(JmxMBeanServer.java:546)
	at com.alibaba.druid.stat.DruidDataSourceStatManager.removeDataSource(DruidDataSourceStatManager.java:191)
	at com.alibaba.druid.pool.DruidDataSource$2.run(DruidDataSource.java:2237)
	at java.base/java.security.AccessController.doPrivileged(Native Method)
	at com.alibaba.druid.pool.DruidDataSource.unregisterMbean(DruidDataSource.java:2234)
	at com.alibaba.druid.pool.DruidDataSource.close(DruidDataSource.java:2191)
	at org.springframework.beans.factory.support.DisposableBeanAdapter.destroy(DisposableBeanAdapter.java:242)
	at org.springframework.beans.factory.support.DefaultSingletonBeanRegistry.destroyBean(DefaultSingletonBeanRegistry.java:587)
	at org.springframework.beans.factory.support.DefaultSingletonBeanRegistry.destroySingleton(DefaultSingletonBeanRegistry.java:559)
	at org.springframework.beans.factory.support.DefaultListableBeanFactory.destroySingleton(DefaultListableBeanFactory.java:1163)
	at org.springframework.beans.factory.support.DefaultSingletonBeanRegistry.destroySingletons(DefaultSingletonBeanRegistry.java:520)
	at org.springframework.beans.factory.support.DefaultListableBeanFactory.destroySingletons(DefaultListableBeanFactory.java:1156)
	at org.springframework.context.support.AbstractApplicationContext.destroyBeans(AbstractApplicationContext.java:1108)
	at org.springframework.context.support.AbstractApplicationContext.refresh(AbstractApplicationContext.java:596)
	at org.springframework.boot.web.servlet.context.ServletWebServerApplicationContext.refresh(ServletWebServerApplicationContext.java:147)
	at org.springframework.boot.SpringApplication.refresh(SpringApplication.java:731)
	at org.springframework.boot.SpringApplication.refreshContext(SpringApplication.java:408)
	at org.springframework.boot.SpringApplication.run(SpringApplication.java:307)
	at org.springframework.boot.SpringApplication.run(SpringApplication.java:1303)
	at org.springframework.boot.SpringApplication.run(SpringApplication.java:1292)
	at com.bupt.webadmin.WebAdminApplication.main(WebAdminApplication.java:21)
[INFO ] [2023-08-20 16:49:49] T:[] S:[] U:[] [main] ==> {dataSource-1} closed
[INFO ] [2023-08-20 16:49:49] T:[] S:[] U:[] [main] ==> Stopping service [Tomcat]
[INFO ] [2023-08-20 16:49:49] T:[] S:[] U:[] [main] ==> 

Error starting ApplicationContext. To display the conditions report re-run your application with 'debug' enabled.
[ERROR] [2023-08-20 16:49:49] T:[] S:[] U:[] [main] ==> Application run failed
org.springframework.beans.factory.UnsatisfiedDependencyException: Error creating bean with name 'minioUpDownloader': Unsatisfied dependency expressed through field 'minioTemplate'; nested exception is org.springframework.beans.factory.UnsatisfiedDependencyException: Error creating bean with name 'minioTemplate' defined in class path resource [com/bupt/common/minio/config/MinioAutoConfiguration.class]: Unsatisfied dependency expressed through method 'minioTemplate' parameter 1; nested exception is org.springframework.beans.factory.BeanCreationException: Error creating bean with name 'minioClient' defined in class path resource [com/bupt/common/minio/config/MinioAutoConfiguration.class]: Bean instantiation via factory method failed; nested exception is org.springframework.beans.BeanInstantiationException: Failed to instantiate [io.minio.MinioClient]: Factory method 'minioClient' threw exception; nested exception is com.bupt.common.core.exception.MyRuntimeException: error occurred
ErrorResponse(code = RequestTimeTooSkewed, message = The difference between the request time and the server's time is too large., bucketName = null, objectName = null, resource = /application, requestId = 177D0910FA7705A5, hostId = dd9025bab4ad464b049177c95eb6ebf374d3b3fd1af9251148b658df7ac2e3e8)
request={method=GET, url=http://10.109.252.70:9000/application?location=, headers=Host: 10.109.252.70:9000
Accept-Encoding: identity
User-Agent: MinIO (Windows 10; amd64) minio-java/8.4.5
Content-MD5: 1B2M2Y8AsgTpgAmY7PhCfg==
x-amz-content-sha256: e3b0c44298fc1c149afbf4c8996fb92427ae41e4649b934ca495991b7852b855
x-amz-date: 20230820T084949Z
Authorization: ██
}
response={code=403, headers=Accept-Ranges: bytes
Content-Length: 338
Content-Type: application/xml
Server: MinIO
Strict-Transport-Security: max-age=31536000; includeSubDomains
Vary: Origin
X-Amz-Id-2: dd9025bab4ad464b049177c95eb6ebf374d3b3fd1af9251148b658df7ac2e3e8
X-Amz-Request-Id: 177D0910FA7705A5
X-Content-Type-Options: nosniff
X-Xss-Protection: 1; mode=block
Date: Sun, 20 Aug 2023 08:10:03 GMT
}

	at org.springframework.beans.factory.annotation.AutowiredAnnotationBeanPostProcessor$AutowiredFieldElement.resolveFieldValue(AutowiredAnnotationBeanPostProcessor.java:660)
	at org.springframework.beans.factory.annotation.AutowiredAnnotationBeanPostProcessor$AutowiredFieldElement.inject(AutowiredAnnotationBeanPostProcessor.java:640)
	at org.springframework.beans.factory.annotation.InjectionMetadata.inject(InjectionMetadata.java:119)
	at org.springframework.beans.factory.annotation.AutowiredAnnotationBeanPostProcessor.postProcessProperties(AutowiredAnnotationBeanPostProcessor.java:399)
	at org.springframework.beans.factory.support.AbstractAutowireCapableBeanFactory.populateBean(AbstractAutowireCapableBeanFactory.java:1431)
	at org.springframework.beans.factory.support.AbstractAutowireCapableBeanFactory.doCreateBean(AbstractAutowireCapableBeanFactory.java:619)
	at org.springframework.beans.factory.support.AbstractAutowireCapableBeanFactory.createBean(AbstractAutowireCapableBeanFactory.java:542)
	at org.springframework.beans.factory.support.AbstractBeanFactory.lambda$doGetBean$0(AbstractBeanFactory.java:335)
	at org.springframework.beans.factory.support.DefaultSingletonBeanRegistry.getSingleton(DefaultSingletonBeanRegistry.java:234)
	at org.springframework.beans.factory.support.AbstractBeanFactory.doGetBean(AbstractBeanFactory.java:333)
	at org.springframework.beans.factory.support.AbstractBeanFactory.getBean(AbstractBeanFactory.java:208)
	at org.springframework.beans.factory.support.DefaultListableBeanFactory.preInstantiateSingletons(DefaultListableBeanFactory.java:955)
	at org.springframework.context.support.AbstractApplicationContext.finishBeanFactoryInitialization(AbstractApplicationContext.java:920)
	at org.springframework.context.support.AbstractApplicationContext.refresh(AbstractApplicationContext.java:583)
	at org.springframework.boot.web.servlet.context.ServletWebServerApplicationContext.refresh(ServletWebServerApplicationContext.java:147)
	at org.springframework.boot.SpringApplication.refresh(SpringApplication.java:731)
	at org.springframework.boot.SpringApplication.refreshContext(SpringApplication.java:408)
	at org.springframework.boot.SpringApplication.run(SpringApplication.java:307)
	at org.springframework.boot.SpringApplication.run(SpringApplication.java:1303)
	at org.springframework.boot.SpringApplication.run(SpringApplication.java:1292)
	at com.bupt.webadmin.WebAdminApplication.main(WebAdminApplication.java:21)
Caused by: org.springframework.beans.factory.UnsatisfiedDependencyException: Error creating bean with name 'minioTemplate' defined in class path resource [com/bupt/common/minio/config/MinioAutoConfiguration.class]: Unsatisfied dependency expressed through method 'minioTemplate' parameter 1; nested exception is org.springframework.beans.factory.BeanCreationException: Error creating bean with name 'minioClient' defined in class path resource [com/bupt/common/minio/config/MinioAutoConfiguration.class]: Bean instantiation via factory method failed; nested exception is org.springframework.beans.BeanInstantiationException: Failed to instantiate [io.minio.MinioClient]: Factory method 'minioClient' threw exception; nested exception is com.bupt.common.core.exception.MyRuntimeException: error occurred
ErrorResponse(code = RequestTimeTooSkewed, message = The difference between the request time and the server's time is too large., bucketName = null, objectName = null, resource = /application, requestId = 177D0910FA7705A5, hostId = dd9025bab4ad464b049177c95eb6ebf374d3b3fd1af9251148b658df7ac2e3e8)
request={method=GET, url=http://10.109.252.70:9000/application?location=, headers=Host: 10.109.252.70:9000
Accept-Encoding: identity
User-Agent: MinIO (Windows 10; amd64) minio-java/8.4.5
Content-MD5: 1B2M2Y8AsgTpgAmY7PhCfg==
x-amz-content-sha256: e3b0c44298fc1c149afbf4c8996fb92427ae41e4649b934ca495991b7852b855
x-amz-date: 20230820T084949Z
Authorization: ██
}
response={code=403, headers=Accept-Ranges: bytes
Content-Length: 338
Content-Type: application/xml
Server: MinIO
Strict-Transport-Security: max-age=31536000; includeSubDomains
Vary: Origin
X-Amz-Id-2: dd9025bab4ad464b049177c95eb6ebf374d3b3fd1af9251148b658df7ac2e3e8
X-Amz-Request-Id: 177D0910FA7705A5
X-Content-Type-Options: nosniff
X-Xss-Protection: 1; mode=block
Date: Sun, 20 Aug 2023 08:10:03 GMT
}

	at org.springframework.beans.factory.support.ConstructorResolver.createArgumentArray(ConstructorResolver.java:800)
	at org.springframework.beans.factory.support.ConstructorResolver.instantiateUsingFactoryMethod(ConstructorResolver.java:541)
	at org.springframework.beans.factory.support.AbstractAutowireCapableBeanFactory.instantiateUsingFactoryMethod(AbstractAutowireCapableBeanFactory.java:1352)
	at org.springframework.beans.factory.support.AbstractAutowireCapableBeanFactory.createBeanInstance(AbstractAutowireCapableBeanFactory.java:1195)
	at org.springframework.beans.factory.support.AbstractAutowireCapableBeanFactory.doCreateBean(AbstractAutowireCapableBeanFactory.java:582)
	at org.springframework.beans.factory.support.AbstractAutowireCapableBeanFactory.createBean(AbstractAutowireCapableBeanFactory.java:542)
	at org.springframework.beans.factory.support.AbstractBeanFactory.lambda$doGetBean$0(AbstractBeanFactory.java:335)
	at org.springframework.beans.factory.support.DefaultSingletonBeanRegistry.getSingleton(DefaultSingletonBeanRegistry.java:234)
	at org.springframework.beans.factory.support.AbstractBeanFactory.doGetBean(AbstractBeanFactory.java:333)
	at org.springframework.beans.factory.support.AbstractBeanFactory.getBean(AbstractBeanFactory.java:208)
	at org.springframework.beans.factory.config.DependencyDescriptor.resolveCandidate(DependencyDescriptor.java:276)
	at org.springframework.beans.factory.support.DefaultListableBeanFactory.doResolveDependency(DefaultListableBeanFactory.java:1391)
	at org.springframework.beans.factory.support.DefaultListableBeanFactory.resolveDependency(DefaultListableBeanFactory.java:1311)
	at org.springframework.beans.factory.annotation.AutowiredAnnotationBeanPostProcessor$AutowiredFieldElement.resolveFieldValue(AutowiredAnnotationBeanPostProcessor.java:657)
	... 20 common frames omitted
Caused by: org.springframework.beans.factory.BeanCreationException: Error creating bean with name 'minioClient' defined in class path resource [com/bupt/common/minio/config/MinioAutoConfiguration.class]: Bean instantiation via factory method failed; nested exception is org.springframework.beans.BeanInstantiationException: Failed to instantiate [io.minio.MinioClient]: Factory method 'minioClient' threw exception; nested exception is com.bupt.common.core.exception.MyRuntimeException: error occurred
ErrorResponse(code = RequestTimeTooSkewed, message = The difference between the request time and the server's time is too large., bucketName = null, objectName = null, resource = /application, requestId = 177D0910FA7705A5, hostId = dd9025bab4ad464b049177c95eb6ebf374d3b3fd1af9251148b658df7ac2e3e8)
request={method=GET, url=http://10.109.252.70:9000/application?location=, headers=Host: 10.109.252.70:9000
Accept-Encoding: identity
User-Agent: MinIO (Windows 10; amd64) minio-java/8.4.5
Content-MD5: 1B2M2Y8AsgTpgAmY7PhCfg==
x-amz-content-sha256: e3b0c44298fc1c149afbf4c8996fb92427ae41e4649b934ca495991b7852b855
x-amz-date: 20230820T084949Z
Authorization: ██
}
response={code=403, headers=Accept-Ranges: bytes
Content-Length: 338
Content-Type: application/xml
Server: MinIO
Strict-Transport-Security: max-age=31536000; includeSubDomains
Vary: Origin
X-Amz-Id-2: dd9025bab4ad464b049177c95eb6ebf374d3b3fd1af9251148b658df7ac2e3e8
X-Amz-Request-Id: 177D0910FA7705A5
X-Content-Type-Options: nosniff
X-Xss-Protection: 1; mode=block
Date: Sun, 20 Aug 2023 08:10:03 GMT
}

	at org.springframework.beans.factory.support.ConstructorResolver.instantiate(ConstructorResolver.java:658)
	at org.springframework.beans.factory.support.ConstructorResolver.instantiateUsingFactoryMethod(ConstructorResolver.java:638)
	at org.springframework.beans.factory.support.AbstractAutowireCapableBeanFactory.instantiateUsingFactoryMethod(AbstractAutowireCapableBeanFactory.java:1352)
	at org.springframework.beans.factory.support.AbstractAutowireCapableBeanFactory.createBeanInstance(AbstractAutowireCapableBeanFactory.java:1195)
	at org.springframework.beans.factory.support.AbstractAutowireCapableBeanFactory.doCreateBean(AbstractAutowireCapableBeanFactory.java:582)
	at org.springframework.beans.factory.support.AbstractAutowireCapableBeanFactory.createBean(AbstractAutowireCapableBeanFactory.java:542)
	at org.springframework.beans.factory.support.AbstractBeanFactory.lambda$doGetBean$0(AbstractBeanFactory.java:335)
	at org.springframework.beans.factory.support.DefaultSingletonBeanRegistry.getSingleton(DefaultSingletonBeanRegistry.java:234)
	at org.springframework.beans.factory.support.AbstractBeanFactory.doGetBean(AbstractBeanFactory.java:333)
	at org.springframework.beans.factory.support.AbstractBeanFactory.getBean(AbstractBeanFactory.java:208)
	at org.springframework.beans.factory.config.DependencyDescriptor.resolveCandidate(DependencyDescriptor.java:276)
	at org.springframework.beans.factory.support.DefaultListableBeanFactory.doResolveDependency(DefaultListableBeanFactory.java:1391)
	at org.springframework.beans.factory.support.DefaultListableBeanFactory.resolveDependency(DefaultListableBeanFactory.java:1311)
	at org.springframework.beans.factory.support.ConstructorResolver.resolveAutowiredArgument(ConstructorResolver.java:887)
	at org.springframework.beans.factory.support.ConstructorResolver.createArgumentArray(ConstructorResolver.java:791)
	... 33 common frames omitted
Caused by: org.springframework.beans.BeanInstantiationException: Failed to instantiate [io.minio.MinioClient]: Factory method 'minioClient' threw exception; nested exception is com.bupt.common.core.exception.MyRuntimeException: error occurred
ErrorResponse(code = RequestTimeTooSkewed, message = The difference between the request time and the server's time is too large., bucketName = null, objectName = null, resource = /application, requestId = 177D0910FA7705A5, hostId = dd9025bab4ad464b049177c95eb6ebf374d3b3fd1af9251148b658df7ac2e3e8)
request={method=GET, url=http://10.109.252.70:9000/application?location=, headers=Host: 10.109.252.70:9000
Accept-Encoding: identity
User-Agent: MinIO (Windows 10; amd64) minio-java/8.4.5
Content-MD5: 1B2M2Y8AsgTpgAmY7PhCfg==
x-amz-content-sha256: e3b0c44298fc1c149afbf4c8996fb92427ae41e4649b934ca495991b7852b855
x-amz-date: 20230820T084949Z
Authorization: ██
}
response={code=403, headers=Accept-Ranges: bytes
Content-Length: 338
Content-Type: application/xml
Server: MinIO
Strict-Transport-Security: max-age=31536000; includeSubDomains
Vary: Origin
X-Amz-Id-2: dd9025bab4ad464b049177c95eb6ebf374d3b3fd1af9251148b658df7ac2e3e8
X-Amz-Request-Id: 177D0910FA7705A5
X-Content-Type-Options: nosniff
X-Xss-Protection: 1; mode=block
Date: Sun, 20 Aug 2023 08:10:03 GMT
}

	at org.springframework.beans.factory.support.SimpleInstantiationStrategy.instantiate(SimpleInstantiationStrategy.java:185)
	at org.springframework.beans.factory.support.ConstructorResolver.instantiate(ConstructorResolver.java:653)
	... 47 common frames omitted
Caused by: com.bupt.common.core.exception.MyRuntimeException: error occurred
ErrorResponse(code = RequestTimeTooSkewed, message = The difference between the request time and the server's time is too large., bucketName = null, objectName = null, resource = /application, requestId = 177D0910FA7705A5, hostId = dd9025bab4ad464b049177c95eb6ebf374d3b3fd1af9251148b658df7ac2e3e8)
request={method=GET, url=http://10.109.252.70:9000/application?location=, headers=Host: 10.109.252.70:9000
Accept-Encoding: identity
User-Agent: MinIO (Windows 10; amd64) minio-java/8.4.5
Content-MD5: 1B2M2Y8AsgTpgAmY7PhCfg==
x-amz-content-sha256: e3b0c44298fc1c149afbf4c8996fb92427ae41e4649b934ca495991b7852b855
x-amz-date: 20230820T084949Z
Authorization: ██
}
response={code=403, headers=Accept-Ranges: bytes
Content-Length: 338
Content-Type: application/xml
Server: MinIO
Strict-Transport-Security: max-age=31536000; includeSubDomains
Vary: Origin
X-Amz-Id-2: dd9025bab4ad464b049177c95eb6ebf374d3b3fd1af9251148b658df7ac2e3e8
X-Amz-Request-Id: 177D0910FA7705A5
X-Content-Type-Options: nosniff
X-Xss-Protection: 1; mode=block
Date: Sun, 20 Aug 2023 08:10:03 GMT
}

	at com.bupt.common.minio.config.MinioAutoConfiguration.minioClient(MinioAutoConfiguration.java:40)
	at java.base/jdk.internal.reflect.NativeMethodAccessorImpl.invoke0(Native Method)
	at java.base/jdk.internal.reflect.NativeMethodAccessorImpl.invoke(NativeMethodAccessorImpl.java:62)
	at java.base/jdk.internal.reflect.DelegatingMethodAccessorImpl.invoke(DelegatingMethodAccessorImpl.java:43)
	at java.base/java.lang.reflect.Method.invoke(Method.java:566)
	at org.springframework.beans.factory.support.SimpleInstantiationStrategy.instantiate(SimpleInstantiationStrategy.java:154)
	... 48 common frames omitted
Caused by: io.minio.errors.ErrorResponseException: The difference between the request time and the server's time is too large.
	at io.minio.S3Base$1.onResponse(S3Base.java:690)
	at okhttp3.internal.connection.RealCall$AsyncCall.run(RealCall.kt:519)
	at java.base/java.util.concurrent.ThreadPoolExecutor.runWorker(ThreadPoolExecutor.java:1128)
	at java.base/java.util.concurrent.ThreadPoolExecutor$Worker.run(ThreadPoolExecutor.java:628)
	at java.base/java.lang.Thread.run(Thread.java:834)
